
sfs_init()
    conn:
    proto_major = 7
    proto_minor = 22
    async_read = 1
    max_write = 131072
    max_readahead = 131072
    capable = 00000ffb
    want = 00000010
    context:
    fuse = 00d154b0
    uid = 0
    gid = 0
    pid = 0
    private_data = 00d15010
    logfile = 00d15030
    diskfile = /.freespace/dv262/testfsfile
    umask = 00000
OPENING DISK
WRITING SUPER BLOCK
FINISHING INIT

sfs_getattr(path="/.Trash", statbuf=0x95188c40)
BOUT TO FIND INODE
FINDING INODE for :/.Trash     /
New path:.Trash
OFFFFFSET:0
OFFFFFSET:0
OFFFFFSET:0
OFFFFFSET:0
OFFFFFSET:0
OFFFFFSET:0
OFFFFFSET:0
OFFFFFSET:0
OFFFFFSET:0
OFFFFFSET:0
OFFFFFSET:0
OFFFFFSET:0
OFFFFFSET:0
OFFFFFSET:0
OFFFFFSET:0
OFFFFFSET:0
OFFFFFSET:0
OFFFFFSET:0
OFFFFFSET:0
OFFFFFSET:0
OFFFFFSET:0
OFFFFFSET:0
OFFFFFSET:0
OFFFFFSET:0
OFFFFFSET:0
OFFFFFSET:0
OFFFFFSET:0
OFFFFFSET:0
OFFFFFSET:0
OFFFFFSET:0
OFFFFFSET:0
OFFFFFSET:0
OFFFFFSET:0
OFFFFFSET:0
OFFFFFSET:0
OFFFFFSET:0
OFFFFFSET:0
OFFFFFSET:0
OFFFFFSET:0
OFFFFFSET:0
OFFFFFSET:0
OFFFFFSET:0
OFFFFFSET:0
OFFFFFSET:0
OFFFFFSET:0
OFFFFFSET:0
OFFFFFSET:0
OFFFFFSET:0
OFFFFFSET:0
OFFFFFSET:0
OFFFFFSET:0
OFFFFFSET:0
OFFFFFSET:0
OFFFFFSET:0
OFFFFFSET:0
OFFFFFSET:0
OFFFFFSET:0
OFFFFFSET:0
OFFFFFSET:0
OFFFFFSET:0
OFFFFFSET:0
OFFFFFSET:0
OFFFFFSET:0
OFFFFFSET:0
OFFFFFSET:0
OFFFFFSET:0
OFFFFFSET:0
OFFFFFSET:0
OFFFFFSET:0
OFFFFFSET:0
OFFFFFSET:0
OFFFFFSET:0
OFFFFFSET:0
OFFFFFSET:0
OFFFFFSET:0
OFFFFFSET:0
OFFFFFSET:0
OFFFFFSET:0
OFFFFFSET:0
OFFFFFSET:0
OFFFFFSET:0
OFFFFFSET:0
OFFFFFSET:0
OFFFFFSET:0
OFFFFFSET:0
OFFFFFSET:0
OFFFFFSET:0
OFFFFFSET:0
OFFFFFSET:0
OFFFFFSET:0
OFFFFFSET:0
OFFFFFSET:0
OFFFFFSET:0
OFFFFFSET:0
OFFFFFSET:0
OFFFFFSET:0
OFFFFFSET:0
OFFFFFSET:0
OFFFFFSET:0
OFFFFFSET:0
OFFFFFSET:0
OFFFFFSET:0
OFFFFFSET:0
OFFFFFSET:0
OFFFFFSET:0
OFFFFFSET:0
OFFFFFSET:0
OFFFFFSET:0
OFFFFFSET:0
OFFFFFSET:0
OFFFFFSET:0
OFFFFFSET:0
OFFFFFSET:0
OFFFFFSET:0
OFFFFFSET:0
OFFFFFSET:0
OFFFFFSET:0
OFFFFFSET:0
OFFFFFSET:0
OFFFFFSET:0
OFFFFFSET:0
OFFFFFSET:0
OFFFFFSET:0
OFFFFFSET:0
OFFFFFSET:0
OFFFFFSET:0
OFFFFFSET:0
OFFFFFSET:0
TRAAAAAAAAAAAAASH
Returning from attr

sfs_getattr(path="/.Trash-84600", statbuf=0x94987c40)
BOUT TO FIND INODE
FINDING INODE for :/.Trash-84600     /
New path:.Trash-84600
OFFFFFSET:0
OFFFFFSET:0
OFFFFFSET:0
OFFFFFSET:0
OFFFFFSET:0
OFFFFFSET:0
OFFFFFSET:0
OFFFFFSET:0
OFFFFFSET:0
OFFFFFSET:0
OFFFFFSET:0
OFFFFFSET:0
OFFFFFSET:0
OFFFFFSET:0
OFFFFFSET:0
OFFFFFSET:0
OFFFFFSET:0
OFFFFFSET:0
OFFFFFSET:0
OFFFFFSET:0
OFFFFFSET:0
OFFFFFSET:0
OFFFFFSET:0
OFFFFFSET:0
OFFFFFSET:0
OFFFFFSET:0
OFFFFFSET:0
OFFFFFSET:0
OFFFFFSET:0
OFFFFFSET:0
OFFFFFSET:0
OFFFFFSET:0
OFFFFFSET:0
OFFFFFSET:0
OFFFFFSET:0
OFFFFFSET:0
OFFFFFSET:0
OFFFFFSET:0
OFFFFFSET:0
OFFFFFSET:0
OFFFFFSET:0
OFFFFFSET:0
OFFFFFSET:0
OFFFFFSET:0
OFFFFFSET:0
OFFFFFSET:0
OFFFFFSET:0
OFFFFFSET:0
OFFFFFSET:0
OFFFFFSET:0
OFFFFFSET:0
OFFFFFSET:0
OFFFFFSET:0
OFFFFFSET:0
OFFFFFSET:0
OFFFFFSET:0
OFFFFFSET:0
OFFFFFSET:0
OFFFFFSET:0
OFFFFFSET:0
OFFFFFSET:0
OFFFFFSET:0
OFFFFFSET:0
OFFFFFSET:0
OFFFFFSET:0
OFFFFFSET:0
OFFFFFSET:0
OFFFFFSET:0
OFFFFFSET:0
OFFFFFSET:0
OFFFFFSET:0
OFFFFFSET:0
OFFFFFSET:0
OFFFFFSET:0
OFFFFFSET:0
OFFFFFSET:0
OFFFFFSET:0
OFFFFFSET:0
OFFFFFSET:0
OFFFFFSET:0
OFFFFFSET:0
OFFFFFSET:0
OFFFFFSET:0
OFFFFFSET:0
OFFFFFSET:0
OFFFFFSET:0
OFFFFFSET:0
OFFFFFSET:0
OFFFFFSET:0
OFFFFFSET:0
OFFFFFSET:0
OFFFFFSET:0
OFFFFFSET:0
OFFFFFSET:0
OFFFFFSET:0
OFFFFFSET:0
OFFFFFSET:0
OFFFFFSET:0
OFFFFFSET:0
OFFFFFSET:0
OFFFFFSET:0
OFFFFFSET:0
OFFFFFSET:0
OFFFFFSET:0
OFFFFFSET:0
OFFFFFSET:0
OFFFFFSET:0
OFFFFFSET:0
OFFFFFSET:0
OFFFFFSET:0
OFFFFFSET:0
OFFFFFSET:0
OFFFFFSET:0
OFFFFFSET:0
OFFFFFSET:0
OFFFFFSET:0
OFFFFFSET:0
OFFFFFSET:0
OFFFFFSET:0
OFFFFFSET:0
OFFFFFSET:0
OFFFFFSET:0
OFFFFFSET:0
OFFFFFSET:0
OFFFFFSET:0
OFFFFFSET:0
OFFFFFSET:0
OFFFFFSET:0
TRAAAAAAAAAAAAASH
Returning from attr

sfs_getattr(path="/hello.txt", statbuf=0x95188c40)
BOUT TO FIND INODE
FINDING INODE for :/hello.txt     /
New path:hello.txt
OFFFFFSET:0
OFFFFFSET:0
OFFFFFSET:0
OFFFFFSET:0
OFFFFFSET:0
OFFFFFSET:0
OFFFFFSET:0
OFFFFFSET:0
OFFFFFSET:0
OFFFFFSET:0
OFFFFFSET:0
OFFFFFSET:0
OFFFFFSET:0
OFFFFFSET:0
OFFFFFSET:0
OFFFFFSET:0
OFFFFFSET:0
OFFFFFSET:0
OFFFFFSET:0
OFFFFFSET:0
OFFFFFSET:0
OFFFFFSET:0
OFFFFFSET:0
OFFFFFSET:0
OFFFFFSET:0
OFFFFFSET:0
OFFFFFSET:0
OFFFFFSET:0
OFFFFFSET:0
OFFFFFSET:0
OFFFFFSET:0
OFFFFFSET:0
OFFFFFSET:0
OFFFFFSET:0
OFFFFFSET:0
OFFFFFSET:0
OFFFFFSET:0
OFFFFFSET:0
OFFFFFSET:0
OFFFFFSET:0
OFFFFFSET:0
OFFFFFSET:0
OFFFFFSET:0
OFFFFFSET:0
OFFFFFSET:0
OFFFFFSET:0
OFFFFFSET:0
OFFFFFSET:0
OFFFFFSET:0
OFFFFFSET:0
OFFFFFSET:0
OFFFFFSET:0
OFFFFFSET:0
OFFFFFSET:0
OFFFFFSET:0
OFFFFFSET:0
OFFFFFSET:0
OFFFFFSET:0
OFFFFFSET:0
OFFFFFSET:0
OFFFFFSET:0
OFFFFFSET:0
OFFFFFSET:0
OFFFFFSET:0
OFFFFFSET:0
OFFFFFSET:0
OFFFFFSET:0
OFFFFFSET:0
OFFFFFSET:0
OFFFFFSET:0
OFFFFFSET:0
OFFFFFSET:0
OFFFFFSET:0
OFFFFFSET:0
OFFFFFSET:0
OFFFFFSET:0
OFFFFFSET:0
OFFFFFSET:0
OFFFFFSET:0
OFFFFFSET:0
OFFFFFSET:0
OFFFFFSET:0
OFFFFFSET:0
OFFFFFSET:0
OFFFFFSET:0
OFFFFFSET:0
OFFFFFSET:0
OFFFFFSET:0
OFFFFFSET:0
OFFFFFSET:0
OFFFFFSET:0
OFFFFFSET:0
OFFFFFSET:0
OFFFFFSET:0
OFFFFFSET:0
OFFFFFSET:0
OFFFFFSET:0
OFFFFFSET:0
OFFFFFSET:0
OFFFFFSET:0
OFFFFFSET:0
OFFFFFSET:0
OFFFFFSET:0
OFFFFFSET:0
OFFFFFSET:0
OFFFFFSET:0
OFFFFFSET:0
OFFFFFSET:0
OFFFFFSET:0
OFFFFFSET:0
OFFFFFSET:0
OFFFFFSET:0
OFFFFFSET:0
OFFFFFSET:0
OFFFFFSET:0
OFFFFFSET:0
OFFFFFSET:0
OFFFFFSET:0
OFFFFFSET:0
OFFFFFSET:0
OFFFFFSET:0
OFFFFFSET:0
OFFFFFSET:0
OFFFFFSET:0
OFFFFFSET:0
OFFFFFSET:0
OFFFFFSET:0
OFFFFFSET:0
TRAAAAAAAAAAAAASH
Returning from attr

sfs_create(path="/hello.txt", mode=0100600, fi=0x94987cf0)
New path from create:hello.txt
CREATE offset:2
MODE:0100600
Create file:0100000
CHECKING WHATEVER:hello.txt
PUTTING INODE:3

sfs_getattr(path="/hello.txt", statbuf=0x94987c00)
BOUT TO FIND INODE
FINDING INODE for :/hello.txt     /
New path:hello.txt
OFFFFFSET:3
FOUND INODE NAME:
OFFFFFSET:32754
FOUND INODE NAME:(null)
